0 info it worked if it ends with ok
1 verbose cli [ 'node', '/usr/local/bin/npm', 'run', 'package:win32' ]
2 info using npm@2.11.3
3 info using node@v0.12.7
4 verbose run-script [ 'prepackage:win32', 'package:win32', 'postpackage:win32' ]
5 info prepackage:win32 DigiExamClient@1.3.1
6 info package:win32 DigiExamClient@1.3.1
7 verbose unsafe-perm in lifecycle true
8 info DigiExamClient@1.3.1 Failed to exec package:win32 script
9 verbose stack Error: DigiExamClient@1.3.1 package:win32: `electron-packager ./bin/ 'DigiExam Client' --platform=win32 --arch=ia32 --version=0.34.0 --overwrite --icon ./src/appIcon.icns --out=../../`
9 verbose stack Exit status 1
9 verbose stack     at EventEmitter.<anonymous> (/usr/local/lib/node_modules/npm/lib/utils/lifecycle.js:213:16)
9 verbose stack     at EventEmitter.emit (events.js:110:17)
9 verbose stack     at ChildProcess.<anonymous> (/usr/local/lib/node_modules/npm/lib/utils/spawn.js:24:14)
9 verbose stack     at ChildProcess.emit (events.js:110:17)
9 verbose stack     at maybeClose (child_process.js:1015:16)
9 verbose stack     at Process.ChildProcess._handle.onexit (child_process.js:1087:5)
10 verbose pkgid DigiExamClient@1.3.1
11 verbose cwd /Users/amc0/Documents/DigiExam/GitHub/Electron/DigiExam-WebClient
12 error Darwin 15.0.0
13 error argv "node" "/usr/local/bin/npm" "run" "package:win32"
14 error node v0.12.7
15 error npm  v2.11.3
16 error code ELIFECYCLE
17 error DigiExamClient@1.3.1 package:win32: `electron-packager ./bin/ 'DigiExam Client' --platform=win32 --arch=ia32 --version=0.34.0 --overwrite --icon ./src/appIcon.icns --out=../../`
17 error Exit status 1
18 error Failed at the DigiExamClient@1.3.1 package:win32 script 'electron-packager ./bin/ 'DigiExam Client' --platform=win32 --arch=ia32 --version=0.34.0 --overwrite --icon ./src/appIcon.icns --out=../../'.
18 error This is most likely a problem with the DigiExamClient package,
18 error not with npm itself.
18 error Tell the author that this fails on your system:
18 error     electron-packager ./bin/ 'DigiExam Client' --platform=win32 --arch=ia32 --version=0.34.0 --overwrite --icon ./src/appIcon.icns --out=../../
18 error You can get their info via:
18 error     npm owner ls DigiExamClient
18 error There is likely additional logging output above.
19 verbose exit [ 1, true ]
